<?xml version="1.0" encoding="UTF-8"?>
<testsuite xmlns:xsi="http://www.w3.org/2001/XMLSchema-instance" xsi:noNamespaceSchemaLocation="https://maven.apache.org/surefire/maven-surefire-plugin/xsd/surefire-test-report.xsd" name="fr.patrik.AppTest" time="0.039" tests="4" errors="0" skipped="0" failures="0">
  <properties>
[...]
</properties>
  <testcase name="shouldReturnSubstractionResult" classname="fr.patrik.AppTest" time="0.019"/>
  <testcase name="shouldAnswerWithTrue" classname="fr.patrik.AppTest" time="0.001"/>
  <testcase name="shouldReturnMultiplyResult" classname="fr.patrik.AppTest" time="0.001"/>
  <testcase name="shouldReturnAdditionResult" classname="fr.patrik.AppTest" time="0.001"/>
</testsuite>